0-based coordinates for CNVs, interval ends marked with '>>' and '<<'
deletion threshold = 45
normalized control reads threshold = 500
normalized sample reads threshold = 5
4	chr1	40558363	40558367	hetdel	4bp {NOT CODING},PPT1_Segment_8
2	chr1	40558365	40558369	hetdel	4bp {NOT CODING},PPT1_Segment_8
5	chr4	128839179	128839182	hetdel	3bp {NOT CODING},MFSD8_Segment_1
5	chr4	128840942	128841011	hetdel	69bp {NOT CODING},MFSD8_Segment_1
1	chr4	170641706	170641710	hetdel	4bp {NM_173872(14),NM_001243374(12),NM_001243372(12),NM_001829(13)},CLCN3_Segment_16
12	chr8	1711668	1711828	homdel	160bp {NOT CODING}, [3p--CLN8_Segment_1],CLN8_Segment_1
7	chr8	1711668	1711831	homdel	163bp {NOT CODING}, [3p--CLN8_Segment_1],CLN8_Segment_1
3	chr8	1711668	1711833	homdel	165bp {NOT CODING}, [3p--CLN8_Segment_1],CLN8_Segment_1
4	chr8	1711668	1711833	homdel	165bp {NOT CODING}, [3p--CLN8_Segment_1],CLN8_Segment_1
5	chr8	1711668	1711833	homdel	165bp {NOT CODING}, [3p--CLN8_Segment_1],CLN8_Segment_1
6	chr8	1711668	1711833	homdel	165bp {NOT CODING}, [3p--CLN8_Segment_1],CLN8_Segment_1
1	chr8	1711668	1711835	homdel	167bp {NOT CODING}, [3p--CLN8_Segment_1],CLN8_Segment_1
2	chr8	1711668	1711835	homdel	167bp {NOT CODING}, [3p--CLN8_Segment_1],CLN8_Segment_1
4	chr8	1711833	1711835	homdel	2bp {NOT CODING},CLN8_Segment_1
5	chr8	1711833	1711835	homdel	2bp {NOT CODING},CLN8_Segment_1
6	chr8	1711833	1711835	homdel	2bp {NOT CODING},CLN8_Segment_1
2	chr8	1711835	1711837	homdel	2bp {NOT CODING},CLN8_Segment_1
4	chr8	1711835	1711837	homdel	2bp {NOT CODING},CLN8_Segment_1
6	chr8	1711835	1711837	homdel	2bp {NOT CODING},CLN8_Segment_1
4	chr8	1711837	1711838	homdel	1bp {NOT CODING},CLN8_Segment_1
6	chr8	1711892	1711895	hetdel	3bp {NOT CODING},CLN8_Segment_1
6	chr8	1711896	1711919	hetdel	23bp {NOT CODING},CLN8_Segment_1
6	chr8	1711921	1711951	hetdel	30bp {NOT CODING},CLN8_Segment_1
6	chr8	1711952	1711961	hetdel	9bp {NOT CODING},CLN8_Segment_1
6	chr8	1711962	1711963	hetdel	1bp {NOT CODING},CLN8_Segment_1
6	chr8	1711984	1712005	hetdel	21bp {NOT CODING},CLN8_Segment_1
6	chr8	1712049	1712050	hetdel	1bp {NOT CODING},CLN8_Segment_1
6	chr8	1712051	1712053	hetdel	2bp {NOT CODING},CLN8_Segment_1
6	chr8	1712054	1712060	hetdel	6bp {NOT CODING},CLN8_Segment_1
6	chr8	1712065	1712069	hetdel	4bp {NOT CODING},CLN8_Segment_1
2	chr8	1729527	1729528	hetdel	1bp {NOT CODING},CLN8_Segment_3
3	chr8	1729527	1729528	hetdel	1bp {NOT CODING},CLN8_Segment_3
2	chr8	1729529	1729530	hetdel	1bp {NOT CODING},CLN8_Segment_3
3	chr8	1729528	1729530	hetdel	2bp {NOT CODING},CLN8_Segment_3
3	chr8	1733162	1733163	hetdel	1bp {NOT CODING},CLN8_Segment_3
2	chr11	1785232	1785233	hetdel	1bp {NOT CODING},CTSD_Segment_9
3	chr11	1785204	1785233	hetdel	29bp {NOT CODING},CTSD_Segment_9
5	chr11	1785209	1785233	hetdel	24bp {NOT CODING},CTSD_Segment_9
2	chr11	1785234	1785289	hetdel	55bp {NOT CODING},CTSD_Segment_9
3	chr11	1785233	1785289	hetdel	56bp {NOT CODING},CTSD_Segment_9
5	chr11	1785233	1785289	hetdel	56bp {NOT CODING},CTSD_Segment_9
7	chr11	1785250	1785289	hetdel	39bp {NOT CODING},CTSD_Segment_9
7	chr11	1785293	1785295	hetdel	2bp {NOT CODING},CTSD_Segment_9
5	chr11	1785289	1785302	hetdel	13bp {NOT CODING},CTSD_Segment_9
5	chr11	1785304	1785305	hetdel	1bp {NOT CODING},CTSD_Segment_9
3	chr11	1785289	1785334	hetdel	45bp {NOT CODING},CTSD_Segment_9
3	chr11	1785412	1785422	hetdel	10bp {NOT CODING}, [5p--CTSD_Segment_9],CTSD_Segment_9
7	chr11	66335775	66335900	hetdel	125bp {NOT CODING},CTSF_Segment_13
2	chr11	66335754	66335941	hetdel	187bp {NOT CODING},CTSF_Segment_13
3	chr11	66335749	66335941	hetdel	192bp {NOT CODING},CTSF_Segment_13
5	chr11	66335746	66335941	hetdel	195bp {NOT CODING},CTSF_Segment_13
3	chr11	66335941	66335963	hetdel	22bp {NOT CODING},CTSF_Segment_13
5	chr11	66335941	66335963	hetdel	22bp {NOT CODING},CTSF_Segment_13
5	chr11	66335963	66335967	hetdel	4bp {NOT CODING},CTSF_Segment_13
6	chr15	68500317	68500321	hetdel	4bp {NOT CODING},CLN6_Segment_1
2	chr15	68521847	68521908	hetdel	61bp {NOT CODING},CLN6_Segment_7
3	chr15	68521822	68521908	hetdel	86bp {NOT CODING},CLN6_Segment_7
5	chr15	68521822	68521908	hetdel	86bp {NOT CODING},CLN6_Segment_7
7	chr15	68522068	68522098	hetdel	30bp {NOT CODING},CLN6_Segment_7
6	chr15	68522090	68522100	hetdel	10bp {NOT CODING},CLN6_Segment_7
7	chr4	68522100	68522101	hetdel	1bp {NOT CODING},CLN6_Segment_7
7	chr4	68522101	68522102	hetdel	1bp {NOT CODING},CLN6_Segment_7
7	chr4	68522102	68522103	hetdel	1bp {NOT CODING},CLN6_Segment_7
7	chr4	68522103	68522104	hetdel	1bp {NOT CODING},CLN6_Segment_7
7	chr4	68522104	68522105	hetdel	1bp {NOT CODING},CLN6_Segment_7
7	chr4	68522105	68522106	hetdel	1bp {NOT CODING},CLN6_Segment_7
7	chr4	68522106	68522107	hetdel	1bp {NOT CODING},CLN6_Segment_7
7	chr15	68522109	68522110	hetdel	1bp {NOT CODING},CLN6_Segment_7
7	chr15	68522113	68522122	hetdel	9bp {NOT CODING},CLN6_Segment_7
2	chr15	68522017	68522139	hetdel	122bp {NOT CODING},CLN6_Segment_7
3	chr15	68521908	68522139	hetdel	231bp {NOT CODING},CLN6_Segment_7
5	chr15	68521908	68522139	hetdel	231bp {NOT CODING},CLN6_Segment_7
3	chr15	68522139	68522146	hetdel	7bp {NOT CODING},CLN6_Segment_7
5	chr15	68522139	68522146	hetdel	7bp {NOT CODING},CLN6_Segment_7
5	chr15	68522146	68522151	hetdel	5bp {NOT CODING},CLN6_Segment_7
3	chr16	1506087	1506257	hetdel	170bp {NM_001114331(16),NM_001287(16)}, [3p--CLCN7_Segment_14], [5p--CLCN7_Segment_14],CLCN7_Segment_14
2	chr16	1524847	1524890	hetdel	43bp {NM_001114331(24),NM_001287(25)},CLCN7_Segment_23
3	chr16	1524837	1524890	hetdel	53bp {NM_001114331(24),NM_001287(25)},CLCN7_Segment_23
5	chr16	1524834	1524890	hetdel	56bp {NM_001114331(24),NM_001287(25)},CLCN7_Segment_23
5	chr16	1524890	1524913	hetdel	23bp {NM_001114331(24),NM_001287(25)},CLCN7_Segment_23
3	chr16	1524890	1524934	hetdel	44bp {NM_001114331(24),NM_001287(25)},CLCN7_Segment_23
5	chr16	1525075	1525167	hetdel	92bp {NM_001114331(24),NM_001287(25)},CLCN7_Segment_23
3	chr16	1525000	1525176	hetdel	176bp {NM_001114331(24),NM_001287(25)},CLCN7_Segment_23
1	chr16	28477954	28477991	homdel	37bp {NOT CODING}, [3p--CLN3_Segment_1],CLN3_Segment_1
2	chr16	28477954	28477991	homdel	37bp {NOT CODING}, [3p--CLN3_Segment_1],CLN3_Segment_1
3	chr16	28477954	28477991	homdel	37bp {NOT CODING}, [3p--CLN3_Segment_1],CLN3_Segment_1
4	chr16	28477954	28477991	homdel	37bp {NOT CODING}, [3p--CLN3_Segment_1],CLN3_Segment_1
5	chr16	28477954	28477991	homdel	37bp {NOT CODING}, [3p--CLN3_Segment_1],CLN3_Segment_1
6	chr16	28477954	28477991	homdel	37bp {NOT CODING}, [3p--CLN3_Segment_1],CLN3_Segment_1
7	chr16	28477954	28477991	homdel	37bp {NOT CODING}, [3p--CLN3_Segment_1],CLN3_Segment_1
12	chr16	28477954	28477991	homdel	37bp {NOT CODING}, [3p--CLN3_Segment_1],CLN3_Segment_1
3	chr16	28477991	28477994	homdel	3bp {NOT CODING},CLN3_Segment_1
3	chr16	28478039	28478119	hetdel	80bp {NOT CODING},CLN3_Segment_1
1	chr16	28478148	28478273	homdel	125bp {NOT CODING}, [5p--CLN3_Segment_1],CLN3_Segment_1
2	chr16	28478158	28478273	homdel	115bp {NOT CODING}, [5p--CLN3_Segment_1],CLN3_Segment_1
3	chr16	28478172	28478273	homdel	101bp {NOT CODING}, [5p--CLN3_Segment_1],CLN3_Segment_1
4	chr16	28478171	28478273	homdel	102bp {NOT CODING}, [5p--CLN3_Segment_1],CLN3_Segment_1
5	chr16	28478172	28478273	homdel	101bp {NOT CODING}, [5p--CLN3_Segment_1],CLN3_Segment_1
6	chr16	28478156	28478273	homdel	117bp {NOT CODING}, [5p--CLN3_Segment_1],CLN3_Segment_1
7	chr16	28478158	28478273	homdel	115bp {NOT CODING}, [5p--CLN3_Segment_1],CLN3_Segment_1
12	chr16	28478166	28478273	homdel	107bp {NOT CODING}, [5p--CLN3_Segment_1],CLN3_Segment_1
3	chr16	28493632	28493656	hetdel	24bp {NM_000086(4),NM_001042432(4)},CLN3_Segment_5
* 4	chr16	28498000	28498021	hetdel	21bp {NOT CODING}, [5p--CLN3_Segment_8],CLN3_Segment_8
4	chr16	28503637	28503640	hetdel	3bp {NOT CODING},CLN3_Segment_13
3	chr17	66255183	66255185	hetdel	2bp {NOT CODING},ARSG_Segment_1
3	chr17	66255186	66255189	hetdel	3bp {NOT CODING},ARSG_Segment_1
5	chr17	66255358	66255420	hetdel	62bp {NOT CODING},ARSG_Segment_1
5	chr17	66255523	66255525	homdel	2bp {NOT CODING},ARSG_Segment_1
6	chr17	66255523	66255525	homdel	2bp {NOT CODING},ARSG_Segment_1
7	chr17	66255523	66255525	homdel	2bp {NOT CODING},ARSG_Segment_1
3	chr17	66255523	66255556	homdel	33bp {NOT CODING},ARSG_Segment_1
4	chr17	66255523	66255556	homdel	33bp {NOT CODING},ARSG_Segment_1
6	chr17	66255525	66255556	homdel	31bp {NOT CODING},ARSG_Segment_1
7	chr17	66255525	66255556	homdel	31bp {NOT CODING},ARSG_Segment_1
12	chr17	66255544	66255556	homdel	12bp {NOT CODING},ARSG_Segment_1
7	chr17	66255556	66255571	homdel	15bp {NOT CODING},ARSG_Segment_1
12	chr17	66255556	66255571	homdel	15bp {NOT CODING},ARSG_Segment_1
1	chr17	66255523	66255572	homdel	49bp {NOT CODING},ARSG_Segment_1
2	chr17	66255523	66255572	homdel	49bp {NOT CODING},ARSG_Segment_1
4	chr17	66255556	66255572	homdel	16bp {NOT CODING},ARSG_Segment_1
6	chr17	66255556	66255572	homdel	16bp {NOT CODING},ARSG_Segment_1
12	chr17	66255571	66255572	homdel	1bp {NOT CODING},ARSG_Segment_1
2	chr17	66287458	66287530	hetdel	72bp {NOT CODING},ARSG_Segment_2
3	chr17	66287458	66287530	hetdel	72bp {NOT CODING},ARSG_Segment_2
5	chr17	66287458	66287530	hetdel	72bp {NOT CODING},ARSG_Segment_2
2	chr17	66287532	66287534	hetdel	2bp {NOT CODING},ARSG_Segment_2
3	chr17	66287530	66287534	hetdel	4bp {NOT CODING},ARSG_Segment_2
5	chr17	66287530	66287534	hetdel	4bp {NOT CODING},ARSG_Segment_2
2	chr17	66287536	66287539	hetdel	3bp {NOT CODING},ARSG_Segment_2
3	chr17	66287534	66287539	hetdel	5bp {NOT CODING},ARSG_Segment_2
5	chr17	66287534	66287539	hetdel	5bp {NOT CODING},ARSG_Segment_2
2	chr17	66287556	66287557	hetdel	1bp {NOT CODING},ARSG_Segment_2
3	chr17	66287554	66287557	hetdel	3bp {NOT CODING},ARSG_Segment_2
5	chr17	66287554	66287557	hetdel	3bp {NOT CODING},ARSG_Segment_2
2	chr17	66287559	66287560	hetdel	1bp {NOT CODING},ARSG_Segment_2
3	chr17	66287557	66287560	hetdel	3bp {NOT CODING},ARSG_Segment_2
5	chr17	66287557	66287560	hetdel	3bp {NOT CODING},ARSG_Segment_2
2	chr17	66287574	66287654	hetdel	80bp {NOT CODING},ARSG_Segment_2
3	chr17	66287560	66287654	hetdel	94bp {NOT CODING},ARSG_Segment_2
5	chr17	66287560	66287654	hetdel	94bp {NOT CODING},ARSG_Segment_2
7	chr17	66287635	66287654	hetdel	19bp {NOT CODING},ARSG_Segment_2
7	chr17	66287658	66287669	hetdel	11bp {NOT CODING},ARSG_Segment_2
2	chr17	66287658	66287686	hetdel	28bp {NOT CODING},ARSG_Segment_2
3	chr17	66287658	66287686	hetdel	28bp {NOT CODING},ARSG_Segment_2
5	chr17	66287658	66287686	hetdel	28bp {NOT CODING},ARSG_Segment_2
5	chr17	66287686	66287692	hetdel	6bp {NOT CODING},ARSG_Segment_2
3	chr17	66287686	66287693	hetdel	7bp {NOT CODING},ARSG_Segment_2
1	chr17	78187032	78187034	hetdel	2bp {NOT CODING},SGSH_Segment_1
1	chr17	78187140	78187512	hetdel	372bp {NOT CODING},SGSH_Segment_1
4	chr17	78187723	78187724	hetdel	1bp {NOT CODING},SGSH_Segment_1
5	chr17	78194110	78194234	hetdel	124bp {NOT CODING},SGSH_Segment_5
3	chr17	78194097	78194246	hetdel	149bp {NOT CODING},SGSH_Segment_5
3	chr17	78194263	78194265	hetdel	2bp {NOT CODING},SGSH_Segment_5
3	chr17	78194266	78194273	hetdel	7bp {NOT CODING},SGSH_Segment_5
3	chr17	78194274	78194275	hetdel	1bp {NOT CODING},SGSH_Segment_5
3	chr17	78194280	78194282	hetdel	2bp {NOT CODING},SGSH_Segment_5
2	chr17	78194357	78194378	hetdel	21bp {NOT CODING},SGSH_Segment_5
3	chr17	78194286	78194378	hetdel	92bp {NOT CODING},SGSH_Segment_5
5	chr17	78194313	78194378	hetdel	65bp {NOT CODING},SGSH_Segment_5
